[INFO] Scanning for projects...
[INFO] 
[INFO] ----------------------< com.demcha:GraphCompose >-----------------------
[INFO] Building GraphCompose v1.0.0
[INFO]   from pom.xml
[INFO] --------------------------------[ jar ]---------------------------------
[INFO] 
[INFO] --- resources:3.3.1:resources (default-resources) @ GraphCompose ---
[INFO] Copying 145 resources from src\main\resources to target\classes
[INFO] 
[INFO] --- compiler:3.13.0:compile (default-compile) @ GraphCompose ---
[INFO] Nothing to compile - all classes are up to date.
[INFO] 
[INFO] --- kotlin:2.2.20:compile (compile) @ GraphCompose ---
[INFO] No sources to compile
[INFO] 
[INFO] --- resources:3.3.1:testResources (default-testResources) @ GraphCompose ---
[INFO] Copying 4 resources from src\test\resources to target\test-classes
[INFO] 
[INFO] --- compiler:3.13.0:testCompile (default-testCompile) @ GraphCompose ---
[INFO] Recompiling the module because of changed source code.
[INFO] Compiling 47 source files with javac [debug release 21] to target\test-classes
WARNING: A terminally deprecated method in sun.misc.Unsafe has been called
WARNING: sun.misc.Unsafe::objectFieldOffset has been called by lombok.permit.Permit
WARNING: Please consider reporting this to the maintainers of class lombok.permit.Permit
WARNING: sun.misc.Unsafe::objectFieldOffset will be removed in a future release
[INFO] /C:/Users/Demch/OneDrive/Java/GraphCompose/src/test/java/com/demcha/compose/layout_core/components/components_builders/BlockTextBuilderTest.java: Some input files use unchecked or unsafe operations.
[INFO] /C:/Users/Demch/OneDrive/Java/GraphCompose/src/test/java/com/demcha/compose/layout_core/components/components_builders/BlockTextBuilderTest.java: Recompile with -Xlint:unchecked for details.
[INFO] 
[INFO] --- kotlin:2.2.20:test-compile (test-compile) @ GraphCompose ---
[INFO] No sources to compile
[INFO] 
[INFO] --- surefire:3.2.5:test (default-test) @ GraphCompose ---
[INFO] Using auto detected provider org.apache.maven.surefire.junitplatform.JUnitPlatformProvider
[INFO] 
[INFO] -------------------------------------------------------
[INFO]  T E S T S
[INFO] -------------------------------------------------------
[INFO] Running com.demcha.integration.CircleIntegrationTest
[INFO] Tests run: 1, Failures: 0, Errors: 0, Skipped: 0, Time elapsed: 0.869 s -- in com.demcha.integration.CircleIntegrationTest
[INFO] 
[INFO] Results:
[INFO] 
[INFO] Tests run: 1, Failures: 0, Errors: 0, Skipped: 0
[INFO] 
[INFO] ------------------------------------------------------------------------
[INFO] BUILD SUCCESS
[INFO] ------------------------------------------------------------------------
[INFO] Total time:  9.062 s
[INFO] Finished at: 2026-03-27T03:58:20Z
[INFO] ------------------------------------------------------------------------
