2025-08-20 19:15:04 [main] INFO  com.demcha.core.PdfDocument - Created new pdf document [0.0,0.0,595.27563,841.8898]
2025-08-20 19:15:04 [main] INFO  com.demcha.core.PdfDocument - PdfDocument with default settings PDRectangle.A4
2025-08-20 19:15:04 [main] INFO  com.demcha.core.PdfDocument - Adding System com.demcha.system.LayoutSystem
2025-08-20 19:15:04 [main] INFO  com.demcha.core.PdfDocument - Adding System com.demcha.system.RenderingSystem
2025-08-20 19:15:04 [main] INFO  com.demcha.components.core.Entity - Creating entity dc4c90fe-59a5-49b8-80b7-d31ddac789c6
2025-08-20 19:15:05 [main] INFO  c.d.c.c.c.ComponentBoxBuilder - Putting Entity: "Rectangle1" UUID: [dc4c90fe-59a5-49b8-80b7-d31ddac789c6]
2025-08-20 19:15:05 [main] INFO  com.demcha.core.PdfDocument - Putting Entity id dc4c90fe-59a5-49b8-80b7-d31ddac789c6
2025-08-20 19:15:05 [main] INFO  com.demcha.core.PdfDocument - Getting  Entity id  dc4c90fe-59a5-49b8-80b7-d31ddac789c6
2025-08-20 19:15:05 [main] INFO  com.demcha.components.core.Entity - Creating entity 8dac73ad-fcf4-4394-9fdb-eaf2a3244e13
2025-08-20 19:15:05 [main] INFO  c.d.c.c.c.ComponentBoxBuilder - Putting Entity: "Text Box" UUID: [8dac73ad-fcf4-4394-9fdb-eaf2a3244e13]
2025-08-20 19:15:05 [main] INFO  com.demcha.core.PdfDocument - Putting Entity id 8dac73ad-fcf4-4394-9fdb-eaf2a3244e13
2025-08-20 19:15:05 [main] INFO  com.demcha.core.PdfDocument - Getting  Entity id  8dac73ad-fcf4-4394-9fdb-eaf2a3244e13
2025-08-20 19:15:05 [main] INFO  com.demcha.core.PdfDocument - Processing Systems
2025-08-20 19:15:05 [main] INFO  com.demcha.core.PdfDocument - Processing System LayoutSystem
2025-08-20 19:15:05 [main] INFO  com.demcha.system.LayoutSystem - LayoutSystem: processing
2025-08-20 19:15:05 [main] INFO  com.demcha.system.LayoutSystem - LayoutSystem: layout complete (nodes: 2)
2025-08-20 19:15:05 [main] INFO  com.demcha.core.PdfDocument - Processing System com.demcha.system.RenderingSystem@4fb3ee4e
2025-08-20 19:15:05 [main] INFO  com.demcha.system.RenderingSystem - Processing RenderingSystem
2025-08-20 19:15:05 [main] INFO  com.demcha.core.PdfDocument - Getting  Entity id  dc4c90fe-59a5-49b8-80b7-d31ddac789c6
2025-08-20 19:15:05 [main] INFO  com.demcha.core.PdfDocument - Getting  Entity id  8dac73ad-fcf4-4394-9fdb-eaf2a3244e13
2025-08-20 19:15:06 [main] INFO  com.demcha.system.RenderingSystem - Saved PDF to output.pdf (atomic)
2025-08-20 19:22:06 [main] INFO  com.demcha.core.PdfDocument - Created new pdf document [0.0,0.0,595.27563,841.8898]
2025-08-20 19:22:06 [main] INFO  com.demcha.core.PdfDocument - PdfDocument with default settings PDRectangle.A4
2025-08-20 19:22:06 [main] INFO  com.demcha.core.PdfDocument - Adding System com.demcha.system.LayoutSystem
2025-08-20 19:22:06 [main] INFO  com.demcha.core.PdfDocument - Adding System com.demcha.system.RenderingSystem
2025-08-20 19:22:06 [main] INFO  com.demcha.components.core.Entity - Creating entity 221c510a-d83e-4ad2-b84a-6deb42ecf7f2
2025-08-20 19:22:06 [main] INFO  c.d.c.c.c.ComponentBoxBuilder - Putting Entity: "Rectangle1" UUID: [221c510a-d83e-4ad2-b84a-6deb42ecf7f2]
2025-08-20 19:22:06 [main] INFO  com.demcha.core.PdfDocument - Putting Entity id 221c510a-d83e-4ad2-b84a-6deb42ecf7f2
2025-08-20 19:22:06 [main] INFO  com.demcha.core.PdfDocument - Getting  Entity id  221c510a-d83e-4ad2-b84a-6deb42ecf7f2
2025-08-20 19:22:06 [main] INFO  com.demcha.components.core.Entity - Creating entity d1e65521-9de4-468b-975b-8c412008a9da
2025-08-20 19:22:07 [main] INFO  c.d.c.c.c.ComponentBoxBuilder - Putting Entity: "Text Box" UUID: [d1e65521-9de4-468b-975b-8c412008a9da]
2025-08-20 19:22:07 [main] INFO  com.demcha.core.PdfDocument - Putting Entity id d1e65521-9de4-468b-975b-8c412008a9da
2025-08-20 19:22:07 [main] INFO  com.demcha.core.PdfDocument - Getting  Entity id  d1e65521-9de4-468b-975b-8c412008a9da
2025-08-20 19:22:07 [main] INFO  com.demcha.core.PdfDocument - Processing Systems
2025-08-20 19:22:07 [main] INFO  com.demcha.core.PdfDocument - Processing System LayoutSystem
2025-08-20 19:22:07 [main] INFO  com.demcha.system.LayoutSystem - LayoutSystem: processing
2025-08-20 19:22:07 [main] INFO  com.demcha.system.LayoutSystem - LayoutSystem: layout complete (nodes: 2)
2025-08-20 19:22:07 [main] INFO  com.demcha.core.PdfDocument - Processing System com.demcha.system.RenderingSystem@6283d8b8
2025-08-20 19:22:07 [main] INFO  com.demcha.system.RenderingSystem - Processing RenderingSystem
2025-08-20 19:22:07 [main] INFO  com.demcha.core.PdfDocument - Getting  Entity id  d1e65521-9de4-468b-975b-8c412008a9da
2025-08-20 19:22:07 [main] INFO  com.demcha.core.PdfDocument - Getting  Entity id  221c510a-d83e-4ad2-b84a-6deb42ecf7f2
2025-08-20 19:22:07 [main] INFO  com.demcha.system.RenderingSystem - Saved PDF to output.pdf (atomic)
2025-08-20 19:22:29 [main] INFO  com.demcha.core.PdfDocument - Created new pdf document [0.0,0.0,595.27563,841.8898]
2025-08-20 19:22:29 [main] INFO  com.demcha.core.PdfDocument - PdfDocument with default settings PDRectangle.A4
2025-08-20 19:22:29 [main] INFO  com.demcha.core.PdfDocument - Adding System com.demcha.system.LayoutSystem
2025-08-20 19:22:29 [main] INFO  com.demcha.core.PdfDocument - Adding System com.demcha.system.RenderingSystem
2025-08-20 19:22:29 [main] INFO  com.demcha.components.core.Entity - Creating entity e424dc5d-129c-466d-8847-54fe7c310c8d
2025-08-20 19:22:29 [main] INFO  c.d.c.c.c.ComponentBoxBuilder - Putting Entity: "Rectangle1" UUID: [e424dc5d-129c-466d-8847-54fe7c310c8d]
2025-08-20 19:22:29 [main] INFO  com.demcha.core.PdfDocument - Putting Entity id e424dc5d-129c-466d-8847-54fe7c310c8d
2025-08-20 19:22:29 [main] INFO  com.demcha.core.PdfDocument - Getting  Entity id  e424dc5d-129c-466d-8847-54fe7c310c8d
2025-08-20 19:22:29 [main] INFO  com.demcha.components.core.Entity - Creating entity 184db1da-15b4-4393-8f70-8e33c3205e20
2025-08-20 19:22:29 [main] INFO  c.d.c.c.c.ComponentBoxBuilder - Putting Entity: "Text Box" UUID: [184db1da-15b4-4393-8f70-8e33c3205e20]
2025-08-20 19:22:29 [main] INFO  com.demcha.core.PdfDocument - Putting Entity id 184db1da-15b4-4393-8f70-8e33c3205e20
2025-08-20 19:22:29 [main] INFO  com.demcha.core.PdfDocument - Getting  Entity id  184db1da-15b4-4393-8f70-8e33c3205e20
2025-08-20 19:22:29 [main] INFO  com.demcha.core.PdfDocument - Processing Systems
2025-08-20 19:22:29 [main] INFO  com.demcha.core.PdfDocument - Processing System LayoutSystem
2025-08-20 19:22:29 [main] INFO  com.demcha.system.LayoutSystem - LayoutSystem: processing
2025-08-20 19:22:29 [main] INFO  com.demcha.system.LayoutSystem - LayoutSystem: layout complete (nodes: 2)
2025-08-20 19:22:29 [main] INFO  com.demcha.core.PdfDocument - Processing System com.demcha.system.RenderingSystem@22ef9844
2025-08-20 19:22:29 [main] INFO  com.demcha.system.RenderingSystem - Processing RenderingSystem
2025-08-20 19:22:29 [main] INFO  com.demcha.core.PdfDocument - Getting  Entity id  184db1da-15b4-4393-8f70-8e33c3205e20
2025-08-20 19:22:29 [main] INFO  com.demcha.core.PdfDocument - Getting  Entity id  e424dc5d-129c-466d-8847-54fe7c310c8d
2025-08-20 19:22:30 [main] INFO  com.demcha.system.RenderingSystem - Saved PDF to output.pdf (atomic)
