2025-08-21 13:32:12 [main] WARN  com.demcha.components.core.Entity - Component class com.demcha.components.style.Padding from Entity: "Text Box" UUID: [ff37b052-822a-4a65-843e-c60f20379d76] not found!
2025-08-21 13:32:12 [main] WARN  com.demcha.components.core.Entity - Component class com.demcha.components.style.Padding from Entity: "Text Box" UUID: [ff37b052-822a-4a65-843e-c60f20379d76] not found!
2025-08-21 13:32:12 [main] WARN  com.demcha.components.core.Entity - Component class com.demcha.components.style.Padding from Entity: "Rectangle1" UUID: [ddec0c14-e1d4-45d1-8ddc-9eef37de665b] not found!
2025-08-21 13:32:12 [main] WARN  com.demcha.components.core.Entity - Component class com.demcha.components.style.Padding from Entity: "Rectangle1" UUID: [ddec0c14-e1d4-45d1-8ddc-9eef37de665b] not found!
2025-08-21 13:32:12 [main] WARN  com.demcha.components.core.Entity - Component class com.demcha.components.geometry.Placement from Entity: "Rectangle1" UUID: [ddec0c14-e1d4-45d1-8ddc-9eef37de665b] not found!
2025-08-21 13:32:12 [main] WARN  com.demcha.components.core.Entity - Component class com.demcha.components.geometry.Placement from Entity: "Rectangle1" UUID: [ddec0c14-e1d4-45d1-8ddc-9eef37de665b] not found!
2025-08-21 13:32:12 [main] WARN  com.demcha.components.core.Entity - Component class com.demcha.components.geometry.Placement from Entity: "Text Box" UUID: [ff37b052-822a-4a65-843e-c60f20379d76] not found!
2025-08-21 13:32:12 [main] WARN  com.demcha.components.core.Entity - Component class com.demcha.components.content.rectangle.Rectangle from Entity: "Text Box" UUID: [ff37b052-822a-4a65-843e-c60f20379d76] not found!
2025-08-21 13:32:12 [main] WARN  com.demcha.components.core.Entity - Component class com.demcha.components.geometry.Placement from Entity: "Text Box" UUID: [ff37b052-822a-4a65-843e-c60f20379d76] not found!
2025-08-21 13:32:12 [main] WARN  com.demcha.components.core.Entity - Component class com.demcha.components.content.rectangle.Rectangle from Entity: "Text Box" UUID: [ff37b052-822a-4a65-843e-c60f20379d76] not found!
2025-08-21 13:35:46 [main] WARN  com.demcha.components.core.Entity - Component class com.demcha.components.style.Padding from Entity: "Text Box" UUID: [517b7bed-8ce6-4d46-9ebe-d01450dd744d] not found!
2025-08-21 13:35:46 [main] WARN  com.demcha.components.core.Entity - Component class com.demcha.components.style.Padding from Entity: "Text Box" UUID: [517b7bed-8ce6-4d46-9ebe-d01450dd744d] not found!
2025-08-21 13:35:46 [main] WARN  com.demcha.components.core.Entity - Component class com.demcha.components.style.Padding from Entity: "Rectangle1" UUID: [657c9f01-073d-4206-9919-aa9ba0b9a683] not found!
2025-08-21 13:35:46 [main] WARN  com.demcha.components.core.Entity - Component class com.demcha.components.style.Padding from Entity: "Rectangle1" UUID: [657c9f01-073d-4206-9919-aa9ba0b9a683] not found!
2025-08-21 13:35:46 [main] WARN  com.demcha.components.core.Entity - Component class com.demcha.components.geometry.Placement from Entity: "Rectangle1" UUID: [657c9f01-073d-4206-9919-aa9ba0b9a683] not found!
2025-08-21 13:35:46 [main] WARN  com.demcha.components.core.Entity - Component class com.demcha.components.geometry.Placement from Entity: "Rectangle1" UUID: [657c9f01-073d-4206-9919-aa9ba0b9a683] not found!
2025-08-21 13:35:46 [main] WARN  com.demcha.components.core.Entity - Component class com.demcha.components.geometry.Placement from Entity: "Text Box" UUID: [517b7bed-8ce6-4d46-9ebe-d01450dd744d] not found!
2025-08-21 13:35:46 [main] WARN  com.demcha.components.core.Entity - Component class com.demcha.components.content.rectangle.Rectangle from Entity: "Text Box" UUID: [517b7bed-8ce6-4d46-9ebe-d01450dd744d] not found!
2025-08-21 13:35:46 [main] WARN  com.demcha.components.core.Entity - Component class com.demcha.components.geometry.Placement from Entity: "Text Box" UUID: [517b7bed-8ce6-4d46-9ebe-d01450dd744d] not found!
2025-08-21 13:35:46 [main] WARN  com.demcha.components.core.Entity - Component class com.demcha.components.content.rectangle.Rectangle from Entity: "Text Box" UUID: [517b7bed-8ce6-4d46-9ebe-d01450dd744d] not found!
2025-08-21 13:36:20 [main] WARN  com.demcha.components.core.Entity - Component class com.demcha.components.style.Padding from Entity: "Text Box" UUID: [a273b4f6-d975-4055-a5b3-2158801d41b5] not found!
2025-08-21 13:36:20 [main] WARN  com.demcha.components.core.Entity - Component class com.demcha.components.style.Padding from Entity: "Text Box" UUID: [a273b4f6-d975-4055-a5b3-2158801d41b5] not found!
2025-08-21 13:36:20 [main] WARN  com.demcha.components.core.Entity - Component class com.demcha.components.style.Padding from Entity: "Rectangle1" UUID: [26ef08eb-0515-40ac-ac24-c76497ac8d3a] not found!
2025-08-21 13:36:20 [main] WARN  com.demcha.components.core.Entity - Component class com.demcha.components.style.Padding from Entity: "Rectangle1" UUID: [26ef08eb-0515-40ac-ac24-c76497ac8d3a] not found!
2025-08-21 13:36:20 [main] WARN  com.demcha.components.core.Entity - Component class com.demcha.components.geometry.Placement from Entity: "Rectangle1" UUID: [26ef08eb-0515-40ac-ac24-c76497ac8d3a] not found!
2025-08-21 13:36:20 [main] WARN  com.demcha.components.core.Entity - Component class com.demcha.components.geometry.Placement from Entity: "Rectangle1" UUID: [26ef08eb-0515-40ac-ac24-c76497ac8d3a] not found!
2025-08-21 13:36:20 [main] WARN  com.demcha.components.core.Entity - Component class com.demcha.components.geometry.Placement from Entity: "Text Box" UUID: [a273b4f6-d975-4055-a5b3-2158801d41b5] not found!
2025-08-21 13:36:20 [main] WARN  com.demcha.components.core.Entity - Component class com.demcha.components.content.rectangle.Rectangle from Entity: "Text Box" UUID: [a273b4f6-d975-4055-a5b3-2158801d41b5] not found!
2025-08-21 13:36:20 [main] WARN  com.demcha.components.core.Entity - Component class com.demcha.components.geometry.Placement from Entity: "Text Box" UUID: [a273b4f6-d975-4055-a5b3-2158801d41b5] not found!
2025-08-21 13:36:20 [main] WARN  com.demcha.components.core.Entity - Component class com.demcha.components.content.rectangle.Rectangle from Entity: "Text Box" UUID: [a273b4f6-d975-4055-a5b3-2158801d41b5] not found!
2025-08-21 13:39:29 [main] WARN  com.demcha.components.core.Entity - Component class com.demcha.components.geometry.OuterBoxSize from Entity: "BoxContainer" UUID: [3b5198d0-379e-49a6-89b4-cee2ba876b6a] not found!
2025-08-21 13:41:35 [main] WARN  com.demcha.components.core.Entity - Component class com.demcha.components.geometry.OuterBoxSize from Entity: "BoxContainer" UUID: [250c0a90-e435-400a-a72c-5127056099ed] not found!
2025-08-21 13:43:11 [main] WARN  com.demcha.components.core.Entity - Component class com.demcha.components.geometry.OuterBoxSize from Entity: "BoxContainer" UUID: [9757bd01-70e2-4594-98a9-8e030afa3288] not found!
2025-08-21 13:43:47 [main] WARN  com.demcha.components.core.Entity - Component class com.demcha.components.geometry.OuterBoxSize from Entity: "BoxContainer" UUID: [717acfd9-9ea4-406a-88b1-fdb4f199fe02] not found!
2025-08-21 13:48:51 [main] WARN  com.demcha.components.core.Entity - Component class com.demcha.components.geometry.OuterBoxSize from Entity: "BoxContainer" UUID: [ded2db72-ca7c-41ef-94b8-46b558e6907b] not found!
2025-08-21 13:51:52 [main] WARN  com.demcha.components.core.Entity - Component class com.demcha.components.geometry.OuterBoxSize from Entity: "BoxContainer" UUID: [342233d9-5ab9-406a-959f-158f8bfc0e91] not found!
2025-08-21 13:53:49 [main] WARN  com.demcha.components.core.Entity - Component class com.demcha.components.geometry.OuterBoxSize from Entity: "ChildBox" UUID: [b7f29f9b-40e7-4258-9664-1dfd5aceb680] not found!
2025-08-21 13:53:57 [main] WARN  com.demcha.components.core.Entity - Component class com.demcha.components.geometry.OuterBoxSize from Entity: "BoxContainer" UUID: [487bd7e6-8f27-40bd-8e80-253cd8ab4e34] not found!
2025-08-21 13:55:35 [main] WARN  com.demcha.components.core.Entity - Component class com.demcha.components.geometry.OuterBoxSize from Entity: "ChildBox" UUID: [0a79c0c3-578a-4aa8-a7d3-a003926ded43] not found!
2025-08-21 13:56:10 [main] WARN  com.demcha.components.core.Entity - Component class com.demcha.components.geometry.OuterBoxSize from Entity: "BoxContainer" UUID: [046e7be4-2097-4630-a0dc-57224dfbc599] not found!
2025-08-21 13:56:58 [main] WARN  com.demcha.components.core.Entity - Component class com.demcha.components.geometry.OuterBoxSize from Entity: "BoxContainer" UUID: [40e4d98c-5fb2-44ca-9aad-8ff743d0b5e0] not found!
2025-08-21 14:00:48 [main] WARN  com.demcha.components.core.Entity - Component class com.demcha.components.geometry.OuterBoxSize from Entity: "ChildBox" UUID: [b548ee56-6066-4ad2-8a4d-cd53f13cc5b9] not found!
2025-08-21 14:00:48 [main] WARN  com.demcha.components.core.Entity - Component class com.demcha.components.geometry.OuterBoxSize from Entity: "BoxContainer" UUID: [abe8c738-6dcc-4dc9-b4ba-45233215bd21] not found!
2025-08-21 14:00:48 [main] WARN  com.demcha.components.core.Entity - Component class com.demcha.components.layout.coordinator.Position from Entity: "BoxContainer" UUID: [abe8c738-6dcc-4dc9-b4ba-45233215bd21] not found!
2025-08-21 14:00:48 [main] WARN  com.demcha.components.core.Entity - Component class com.demcha.components.layout.coordinator.Position from Entity: "BoxContainer" UUID: [abe8c738-6dcc-4dc9-b4ba-45233215bd21] not found!
2025-08-21 14:00:48 [main] WARN  com.demcha.components.core.Entity - Component class com.demcha.components.geometry.Placement from Entity: "BoxContainer" UUID: [abe8c738-6dcc-4dc9-b4ba-45233215bd21] not found!
2025-08-21 14:00:48 [main] WARN  com.demcha.components.core.Entity - Component class com.demcha.components.content.rectangle.Rectangle from Entity: "BoxContainer" UUID: [abe8c738-6dcc-4dc9-b4ba-45233215bd21] not found!
2025-08-21 14:00:48 [main] WARN  com.demcha.components.core.Entity - Component class com.demcha.components.geometry.Placement from Entity: "BoxContainer" UUID: [abe8c738-6dcc-4dc9-b4ba-45233215bd21] not found!
2025-08-21 14:00:48 [main] WARN  com.demcha.components.core.Entity - Component class com.demcha.components.content.rectangle.Rectangle from Entity: "BoxContainer" UUID: [abe8c738-6dcc-4dc9-b4ba-45233215bd21] not found!
2025-08-21 14:00:48 [main] WARN  com.demcha.components.core.Entity - Component class com.demcha.components.geometry.Placement from Entity: "ChildBox" UUID: [b548ee56-6066-4ad2-8a4d-cd53f13cc5b9] not found!
2025-08-21 14:00:48 [main] WARN  com.demcha.components.core.Entity - Component class com.demcha.components.content.rectangle.Rectangle from Entity: "ChildBox" UUID: [b548ee56-6066-4ad2-8a4d-cd53f13cc5b9] not found!
2025-08-21 14:00:48 [main] WARN  com.demcha.components.core.Entity - Component class com.demcha.components.geometry.Placement from Entity: "ChildBox" UUID: [b548ee56-6066-4ad2-8a4d-cd53f13cc5b9] not found!
2025-08-21 14:00:48 [main] WARN  com.demcha.components.core.Entity - Component class com.demcha.components.content.rectangle.Rectangle from Entity: "ChildBox" UUID: [b548ee56-6066-4ad2-8a4d-cd53f13cc5b9] not found!
2025-08-21 14:00:48 [main] WARN  com.demcha.components.core.Entity - Component class com.demcha.components.layout.coordinator.Position from Entity: "BoxContainer" UUID: [abe8c738-6dcc-4dc9-b4ba-45233215bd21] not found!
2025-08-21 14:00:48 [main] WARN  com.demcha.components.core.Entity - Component class com.demcha.components.layout.coordinator.Position from Entity: "BoxContainer" UUID: [abe8c738-6dcc-4dc9-b4ba-45233215bd21] not found!
2025-08-21 14:02:27 [main] WARN  com.demcha.components.core.Entity - Component class com.demcha.components.geometry.OuterBoxSize from Entity: "BoxContainer" UUID: [5505d4b1-fc94-4588-b9a1-916327f3a763] not found!
2025-08-21 14:02:27 [main] WARN  com.demcha.components.core.Entity - Component class com.demcha.components.geometry.OuterBoxSize from Entity: "ChildBox" UUID: [de385a0e-1366-4f68-9ac9-49438d9f14f0] not found!
2025-08-21 14:02:27 [main] WARN  com.demcha.components.core.Entity - Component class com.demcha.components.layout.coordinator.Position from Entity: "BoxContainer" UUID: [5505d4b1-fc94-4588-b9a1-916327f3a763] not found!
2025-08-21 14:02:27 [main] WARN  com.demcha.components.core.Entity - Component class com.demcha.components.layout.coordinator.Position from Entity: "BoxContainer" UUID: [5505d4b1-fc94-4588-b9a1-916327f3a763] not found!
2025-08-21 14:02:27 [main] WARN  com.demcha.components.core.Entity - Component class com.demcha.components.geometry.Placement from Entity: "BoxContainer" UUID: [5505d4b1-fc94-4588-b9a1-916327f3a763] not found!
2025-08-21 14:02:27 [main] WARN  com.demcha.components.core.Entity - Component class com.demcha.components.content.rectangle.Rectangle from Entity: "BoxContainer" UUID: [5505d4b1-fc94-4588-b9a1-916327f3a763] not found!
2025-08-21 14:02:27 [main] WARN  com.demcha.components.core.Entity - Component class com.demcha.components.geometry.Placement from Entity: "BoxContainer" UUID: [5505d4b1-fc94-4588-b9a1-916327f3a763] not found!
2025-08-21 14:02:27 [main] WARN  com.demcha.components.core.Entity - Component class com.demcha.components.content.rectangle.Rectangle from Entity: "BoxContainer" UUID: [5505d4b1-fc94-4588-b9a1-916327f3a763] not found!
2025-08-21 14:02:27 [main] WARN  com.demcha.components.core.Entity - Component class com.demcha.components.geometry.Placement from Entity: "ChildBox" UUID: [de385a0e-1366-4f68-9ac9-49438d9f14f0] not found!
2025-08-21 14:02:27 [main] WARN  com.demcha.components.core.Entity - Component class com.demcha.components.content.rectangle.Rectangle from Entity: "ChildBox" UUID: [de385a0e-1366-4f68-9ac9-49438d9f14f0] not found!
2025-08-21 14:02:27 [main] WARN  com.demcha.components.core.Entity - Component class com.demcha.components.geometry.Placement from Entity: "ChildBox" UUID: [de385a0e-1366-4f68-9ac9-49438d9f14f0] not found!
2025-08-21 14:02:27 [main] WARN  com.demcha.components.core.Entity - Component class com.demcha.components.content.rectangle.Rectangle from Entity: "ChildBox" UUID: [de385a0e-1366-4f68-9ac9-49438d9f14f0] not found!
2025-08-21 14:06:10 [main] WARN  com.demcha.components.core.Entity - Component class com.demcha.components.style.Padding from Entity: "Box" UUID: [f38923de-a4d0-421c-b96e-429a16a15e07] not found!
2025-08-21 14:06:10 [main] WARN  com.demcha.components.core.Entity - Component class com.demcha.components.geometry.OuterBoxSize from Entity: "Box" UUID: [f38923de-a4d0-421c-b96e-429a16a15e07] not found!
2025-08-21 14:07:06 [main] WARN  com.demcha.components.core.Entity - Component class com.demcha.components.style.Padding from Entity: "Box" UUID: [7fceca98-217f-4bff-8485-634e1fb36b00] not found!
2025-08-21 14:07:06 [main] WARN  com.demcha.components.core.Entity - Component class com.demcha.components.geometry.OuterBoxSize from Entity: "Box" UUID: [7fceca98-217f-4bff-8485-634e1fb36b00] not found!
2025-08-21 14:08:22 [main] WARN  com.demcha.components.core.Entity - Component class com.demcha.components.geometry.OuterBoxSize from Entity: "ChildBox" UUID: [397a62c5-e6ed-474e-ac5f-09b5053f5209] not found!
2025-08-21 14:08:22 [main] WARN  com.demcha.components.core.Entity - Component class com.demcha.components.geometry.OuterBoxSize from Entity: "BoxContainer" UUID: [d729f65a-e811-4d4a-ab8b-a9e49c9194c9] not found!
2025-08-21 14:08:22 [main] WARN  com.demcha.components.core.Entity - Component class com.demcha.components.layout.coordinator.Position from Entity: "BoxContainer" UUID: [d729f65a-e811-4d4a-ab8b-a9e49c9194c9] not found!
2025-08-21 14:08:22 [main] WARN  com.demcha.components.core.Entity - Component class com.demcha.components.layout.coordinator.Position from Entity: "BoxContainer" UUID: [d729f65a-e811-4d4a-ab8b-a9e49c9194c9] not found!
2025-08-21 14:08:22 [main] WARN  com.demcha.components.core.Entity - Component class com.demcha.components.geometry.Placement from Entity: "BoxContainer" UUID: [d729f65a-e811-4d4a-ab8b-a9e49c9194c9] not found!
2025-08-21 14:08:22 [main] WARN  com.demcha.components.core.Entity - Component class com.demcha.components.content.rectangle.Rectangle from Entity: "BoxContainer" UUID: [d729f65a-e811-4d4a-ab8b-a9e49c9194c9] not found!
2025-08-21 14:08:22 [main] WARN  com.demcha.components.core.Entity - Component class com.demcha.components.geometry.Placement from Entity: "BoxContainer" UUID: [d729f65a-e811-4d4a-ab8b-a9e49c9194c9] not found!
2025-08-21 14:08:22 [main] WARN  com.demcha.components.core.Entity - Component class com.demcha.components.content.rectangle.Rectangle from Entity: "BoxContainer" UUID: [d729f65a-e811-4d4a-ab8b-a9e49c9194c9] not found!
2025-08-21 14:08:22 [main] WARN  com.demcha.components.core.Entity - Component class com.demcha.components.geometry.Placement from Entity: "ChildBox" UUID: [397a62c5-e6ed-474e-ac5f-09b5053f5209] not found!
2025-08-21 14:08:22 [main] WARN  com.demcha.components.core.Entity - Component class com.demcha.components.content.rectangle.Rectangle from Entity: "ChildBox" UUID: [397a62c5-e6ed-474e-ac5f-09b5053f5209] not found!
2025-08-21 14:08:22 [main] WARN  com.demcha.components.core.Entity - Component class com.demcha.components.geometry.Placement from Entity: "ChildBox" UUID: [397a62c5-e6ed-474e-ac5f-09b5053f5209] not found!
2025-08-21 14:08:22 [main] WARN  com.demcha.components.core.Entity - Component class com.demcha.components.content.rectangle.Rectangle from Entity: "ChildBox" UUID: [397a62c5-e6ed-474e-ac5f-09b5053f5209] not found!
2025-08-21 14:21:59 [main] WARN  com.demcha.components.core.Entity - Component class com.demcha.components.geometry.OuterBoxSize from Entity: "BoxContainer" UUID: [f7706550-4f67-4999-a7d1-2d7d904c795b] not found!
2025-08-21 14:21:59 [main] WARN  com.demcha.components.core.Entity - Component class com.demcha.components.geometry.OuterBoxSize from Entity: "ChildBox" UUID: [4698ea58-ce7b-4d7c-9e6e-8bf69bb9539d] not found!
2025-08-21 14:21:59 [main] WARN  com.demcha.components.core.Entity - Component class com.demcha.components.layout.coordinator.Position from Entity: "BoxContainer" UUID: [f7706550-4f67-4999-a7d1-2d7d904c795b] not found!
2025-08-21 14:21:59 [main] WARN  com.demcha.components.core.Entity - Component class com.demcha.components.layout.coordinator.Position from Entity: "BoxContainer" UUID: [f7706550-4f67-4999-a7d1-2d7d904c795b] not found!
2025-08-21 14:21:59 [main] WARN  com.demcha.components.core.Entity - Component class com.demcha.components.geometry.Placement from Entity: "BoxContainer" UUID: [f7706550-4f67-4999-a7d1-2d7d904c795b] not found!
2025-08-21 14:21:59 [main] WARN  com.demcha.components.core.Entity - Component class com.demcha.components.content.rectangle.Rectangle from Entity: "BoxContainer" UUID: [f7706550-4f67-4999-a7d1-2d7d904c795b] not found!
2025-08-21 14:21:59 [main] WARN  com.demcha.components.core.Entity - Component class com.demcha.components.geometry.Placement from Entity: "BoxContainer" UUID: [f7706550-4f67-4999-a7d1-2d7d904c795b] not found!
2025-08-21 14:21:59 [main] WARN  com.demcha.components.core.Entity - Component class com.demcha.components.content.rectangle.Rectangle from Entity: "BoxContainer" UUID: [f7706550-4f67-4999-a7d1-2d7d904c795b] not found!
2025-08-21 14:21:59 [main] WARN  com.demcha.components.core.Entity - Component class com.demcha.components.geometry.Placement from Entity: "ChildBox" UUID: [4698ea58-ce7b-4d7c-9e6e-8bf69bb9539d] not found!
2025-08-21 14:21:59 [main] WARN  com.demcha.components.core.Entity - Component class com.demcha.components.content.rectangle.Rectangle from Entity: "ChildBox" UUID: [4698ea58-ce7b-4d7c-9e6e-8bf69bb9539d] not found!
2025-08-21 14:21:59 [main] WARN  com.demcha.components.core.Entity - Component class com.demcha.components.geometry.Placement from Entity: "ChildBox" UUID: [4698ea58-ce7b-4d7c-9e6e-8bf69bb9539d] not found!
2025-08-21 14:21:59 [main] WARN  com.demcha.components.core.Entity - Component class com.demcha.components.content.rectangle.Rectangle from Entity: "ChildBox" UUID: [4698ea58-ce7b-4d7c-9e6e-8bf69bb9539d] not found!
2025-08-21 14:25:25 [main] WARN  com.demcha.components.core.Entity - Component class com.demcha.components.geometry.OuterBoxSize from Entity: "BoxContainer" UUID: [a05344ff-faaa-4f8d-8ddd-f8a2daa53f21] not found!
2025-08-21 14:25:25 [main] WARN  com.demcha.components.core.Entity - Component class com.demcha.components.geometry.OuterBoxSize from Entity: "ChildBox" UUID: [02752d0f-ea1e-4921-9174-4c6b35da4860] not found!
2025-08-21 14:25:25 [main] WARN  com.demcha.components.core.Entity - Component class com.demcha.components.layout.coordinator.Position from Entity: "BoxContainer" UUID: [a05344ff-faaa-4f8d-8ddd-f8a2daa53f21] not found!
2025-08-21 14:25:25 [main] WARN  com.demcha.components.core.Entity - Component class com.demcha.components.layout.coordinator.Position from Entity: "BoxContainer" UUID: [a05344ff-faaa-4f8d-8ddd-f8a2daa53f21] not found!
2025-08-21 14:25:25 [main] WARN  com.demcha.components.core.Entity - Component class com.demcha.components.geometry.Placement from Entity: "BoxContainer" UUID: [a05344ff-faaa-4f8d-8ddd-f8a2daa53f21] not found!
2025-08-21 14:25:25 [main] WARN  com.demcha.components.core.Entity - Component class com.demcha.components.content.rectangle.Rectangle from Entity: "BoxContainer" UUID: [a05344ff-faaa-4f8d-8ddd-f8a2daa53f21] not found!
2025-08-21 14:25:25 [main] WARN  com.demcha.components.core.Entity - Component class com.demcha.components.geometry.Placement from Entity: "BoxContainer" UUID: [a05344ff-faaa-4f8d-8ddd-f8a2daa53f21] not found!
2025-08-21 14:25:25 [main] WARN  com.demcha.components.core.Entity - Component class com.demcha.components.content.rectangle.Rectangle from Entity: "BoxContainer" UUID: [a05344ff-faaa-4f8d-8ddd-f8a2daa53f21] not found!
2025-08-21 14:25:25 [main] WARN  com.demcha.components.core.Entity - Component class com.demcha.components.geometry.Placement from Entity: "ChildBox" UUID: [02752d0f-ea1e-4921-9174-4c6b35da4860] not found!
2025-08-21 14:25:25 [main] WARN  com.demcha.components.core.Entity - Component class com.demcha.components.content.rectangle.Rectangle from Entity: "ChildBox" UUID: [02752d0f-ea1e-4921-9174-4c6b35da4860] not found!
2025-08-21 14:25:25 [main] WARN  com.demcha.components.core.Entity - Component class com.demcha.components.geometry.Placement from Entity: "ChildBox" UUID: [02752d0f-ea1e-4921-9174-4c6b35da4860] not found!
2025-08-21 14:25:25 [main] WARN  com.demcha.components.core.Entity - Component class com.demcha.components.content.rectangle.Rectangle from Entity: "ChildBox" UUID: [02752d0f-ea1e-4921-9174-4c6b35da4860] not found!
2025-08-21 14:25:37 [main] WARN  com.demcha.components.core.Entity - Component class com.demcha.components.geometry.OuterBoxSize from Entity: "BoxContainer" UUID: [de74b73b-7c5d-4f28-a127-da1b41bef6ef] not found!
2025-08-21 14:25:37 [main] WARN  com.demcha.components.core.Entity - Component class com.demcha.components.geometry.OuterBoxSize from Entity: "ChildBox" UUID: [cbd17d3e-1ac4-44c8-ba2b-8a67b2313442] not found!
2025-08-21 14:25:37 [main] WARN  com.demcha.components.core.Entity - Component class com.demcha.components.layout.coordinator.Position from Entity: "BoxContainer" UUID: [de74b73b-7c5d-4f28-a127-da1b41bef6ef] not found!
2025-08-21 14:25:37 [main] WARN  com.demcha.components.core.Entity - Component class com.demcha.components.layout.coordinator.Position from Entity: "BoxContainer" UUID: [de74b73b-7c5d-4f28-a127-da1b41bef6ef] not found!
2025-08-21 14:25:37 [main] WARN  com.demcha.components.core.Entity - Component class com.demcha.components.geometry.Placement from Entity: "BoxContainer" UUID: [de74b73b-7c5d-4f28-a127-da1b41bef6ef] not found!
2025-08-21 14:25:37 [main] WARN  com.demcha.components.core.Entity - Component class com.demcha.components.content.rectangle.Rectangle from Entity: "BoxContainer" UUID: [de74b73b-7c5d-4f28-a127-da1b41bef6ef] not found!
2025-08-21 14:25:37 [main] WARN  com.demcha.components.core.Entity - Component class com.demcha.components.geometry.Placement from Entity: "BoxContainer" UUID: [de74b73b-7c5d-4f28-a127-da1b41bef6ef] not found!
2025-08-21 14:25:37 [main] WARN  com.demcha.components.core.Entity - Component class com.demcha.components.content.rectangle.Rectangle from Entity: "BoxContainer" UUID: [de74b73b-7c5d-4f28-a127-da1b41bef6ef] not found!
2025-08-21 14:25:37 [main] WARN  com.demcha.components.core.Entity - Component class com.demcha.components.geometry.Placement from Entity: "ChildBox" UUID: [cbd17d3e-1ac4-44c8-ba2b-8a67b2313442] not found!
2025-08-21 14:25:37 [main] WARN  com.demcha.components.core.Entity - Component class com.demcha.components.content.rectangle.Rectangle from Entity: "ChildBox" UUID: [cbd17d3e-1ac4-44c8-ba2b-8a67b2313442] not found!
2025-08-21 14:25:37 [main] WARN  com.demcha.components.core.Entity - Component class com.demcha.components.geometry.Placement from Entity: "ChildBox" UUID: [cbd17d3e-1ac4-44c8-ba2b-8a67b2313442] not found!
2025-08-21 14:25:37 [main] WARN  com.demcha.components.core.Entity - Component class com.demcha.components.content.rectangle.Rectangle from Entity: "ChildBox" UUID: [cbd17d3e-1ac4-44c8-ba2b-8a67b2313442] not found!
2025-08-21 14:41:46 [main] WARN  com.demcha.components.core.Entity - Component class com.demcha.components.geometry.OuterBoxSize from Entity: "ChildBox" UUID: [d4e2ce77-9e81-44d2-8dfc-2f8b5b4692e6] not found!
2025-08-21 14:41:46 [main] WARN  com.demcha.components.core.Entity - Component class com.demcha.components.geometry.OuterBoxSize from Entity: "BoxContainer" UUID: [35f6ac0b-7971-4130-a3c4-16d339ed94dc] not found!
2025-08-21 14:41:46 [main] WARN  com.demcha.components.core.Entity - Component class com.demcha.components.layout.coordinator.Position from Entity: "BoxContainer" UUID: [35f6ac0b-7971-4130-a3c4-16d339ed94dc] not found!
2025-08-21 14:41:46 [main] WARN  com.demcha.components.core.Entity - Component class com.demcha.components.layout.coordinator.Position from Entity: "BoxContainer" UUID: [35f6ac0b-7971-4130-a3c4-16d339ed94dc] not found!
2025-08-21 14:41:46 [main] WARN  com.demcha.components.core.Entity - Component class com.demcha.components.geometry.Placement from Entity: "BoxContainer" UUID: [35f6ac0b-7971-4130-a3c4-16d339ed94dc] not found!
2025-08-21 14:41:46 [main] WARN  com.demcha.components.core.Entity - Component class com.demcha.components.content.rectangle.Rectangle from Entity: "BoxContainer" UUID: [35f6ac0b-7971-4130-a3c4-16d339ed94dc] not found!
2025-08-21 14:41:46 [main] WARN  com.demcha.components.core.Entity - Component class com.demcha.components.geometry.Placement from Entity: "BoxContainer" UUID: [35f6ac0b-7971-4130-a3c4-16d339ed94dc] not found!
2025-08-21 14:41:46 [main] WARN  com.demcha.components.core.Entity - Component class com.demcha.components.content.rectangle.Rectangle from Entity: "BoxContainer" UUID: [35f6ac0b-7971-4130-a3c4-16d339ed94dc] not found!
2025-08-21 14:41:46 [main] WARN  com.demcha.components.core.Entity - Component class com.demcha.components.geometry.Placement from Entity: "ChildBox" UUID: [d4e2ce77-9e81-44d2-8dfc-2f8b5b4692e6] not found!
2025-08-21 14:41:46 [main] WARN  com.demcha.components.core.Entity - Component class com.demcha.components.content.rectangle.Rectangle from Entity: "ChildBox" UUID: [d4e2ce77-9e81-44d2-8dfc-2f8b5b4692e6] not found!
2025-08-21 14:41:46 [main] WARN  com.demcha.components.core.Entity - Component class com.demcha.components.geometry.Placement from Entity: "ChildBox" UUID: [d4e2ce77-9e81-44d2-8dfc-2f8b5b4692e6] not found!
2025-08-21 14:41:46 [main] WARN  com.demcha.components.core.Entity - Component class com.demcha.components.content.rectangle.Rectangle from Entity: "ChildBox" UUID: [d4e2ce77-9e81-44d2-8dfc-2f8b5b4692e6] not found!
2025-08-21 14:43:58 [main] WARN  com.demcha.components.core.Entity - Component class com.demcha.components.geometry.OuterBoxSize from Entity: "ChildBox" UUID: [eed6dbdb-fdb7-4591-9888-e6e4d7761462] not found!
2025-08-21 14:43:58 [main] WARN  com.demcha.components.core.Entity - Component class com.demcha.components.geometry.OuterBoxSize from Entity: "BoxContainer" UUID: [be4056d8-2964-4c89-9309-c603a5bac0ad] not found!
2025-08-21 14:43:58 [main] WARN  com.demcha.components.core.Entity - Component class com.demcha.components.layout.coordinator.Position from Entity: "BoxContainer" UUID: [be4056d8-2964-4c89-9309-c603a5bac0ad] not found!
2025-08-21 14:43:58 [main] WARN  com.demcha.components.core.Entity - Component class com.demcha.components.layout.coordinator.Position from Entity: "BoxContainer" UUID: [be4056d8-2964-4c89-9309-c603a5bac0ad] not found!
2025-08-21 14:43:58 [main] WARN  com.demcha.components.core.Entity - Component class com.demcha.components.geometry.Placement from Entity: "BoxContainer" UUID: [be4056d8-2964-4c89-9309-c603a5bac0ad] not found!
2025-08-21 14:43:58 [main] WARN  com.demcha.components.core.Entity - Component class com.demcha.components.content.rectangle.Rectangle from Entity: "BoxContainer" UUID: [be4056d8-2964-4c89-9309-c603a5bac0ad] not found!
2025-08-21 14:43:58 [main] WARN  com.demcha.components.core.Entity - Component class com.demcha.components.geometry.Placement from Entity: "BoxContainer" UUID: [be4056d8-2964-4c89-9309-c603a5bac0ad] not found!
2025-08-21 14:43:58 [main] WARN  com.demcha.components.core.Entity - Component class com.demcha.components.content.rectangle.Rectangle from Entity: "BoxContainer" UUID: [be4056d8-2964-4c89-9309-c603a5bac0ad] not found!
2025-08-21 14:43:58 [main] WARN  com.demcha.components.core.Entity - Component class com.demcha.components.geometry.Placement from Entity: "ChildBox" UUID: [eed6dbdb-fdb7-4591-9888-e6e4d7761462] not found!
2025-08-21 14:43:58 [main] WARN  com.demcha.components.core.Entity - Component class com.demcha.components.content.rectangle.Rectangle from Entity: "ChildBox" UUID: [eed6dbdb-fdb7-4591-9888-e6e4d7761462] not found!
2025-08-21 14:43:58 [main] WARN  com.demcha.components.core.Entity - Component class com.demcha.components.geometry.Placement from Entity: "ChildBox" UUID: [eed6dbdb-fdb7-4591-9888-e6e4d7761462] not found!
2025-08-21 14:43:58 [main] WARN  com.demcha.components.core.Entity - Component class com.demcha.components.content.rectangle.Rectangle from Entity: "ChildBox" UUID: [eed6dbdb-fdb7-4591-9888-e6e4d7761462] not found!
2025-08-21 14:48:51 [main] WARN  com.demcha.components.core.Entity - Component class com.demcha.components.geometry.OuterBoxSize from Entity: "ChildBox" UUID: [6bd54cdf-c993-494d-be52-9d6b5b07dc5e] not found!
2025-08-21 14:48:51 [main] WARN  com.demcha.components.core.Entity - Component class com.demcha.components.geometry.OuterBoxSize from Entity: "BoxContainer" UUID: [8c05a2f2-b2b0-4784-9fe0-6c8b808b01c5] not found!
2025-08-21 14:48:51 [main] WARN  com.demcha.components.core.Entity - Component class com.demcha.components.layout.coordinator.Position from Entity: "BoxContainer" UUID: [8c05a2f2-b2b0-4784-9fe0-6c8b808b01c5] not found!
2025-08-21 14:48:51 [main] WARN  com.demcha.components.core.Entity - Component class com.demcha.components.layout.coordinator.Position from Entity: "BoxContainer" UUID: [8c05a2f2-b2b0-4784-9fe0-6c8b808b01c5] not found!
2025-08-21 14:48:51 [main] WARN  com.demcha.components.core.Entity - Component class com.demcha.components.geometry.Placement from Entity: "BoxContainer" UUID: [8c05a2f2-b2b0-4784-9fe0-6c8b808b01c5] not found!
2025-08-21 14:48:51 [main] WARN  com.demcha.components.core.Entity - Component class com.demcha.components.content.rectangle.Rectangle from Entity: "BoxContainer" UUID: [8c05a2f2-b2b0-4784-9fe0-6c8b808b01c5] not found!
2025-08-21 14:48:51 [main] WARN  com.demcha.components.core.Entity - Component class com.demcha.components.geometry.Placement from Entity: "BoxContainer" UUID: [8c05a2f2-b2b0-4784-9fe0-6c8b808b01c5] not found!
2025-08-21 14:48:51 [main] WARN  com.demcha.components.core.Entity - Component class com.demcha.components.content.rectangle.Rectangle from Entity: "BoxContainer" UUID: [8c05a2f2-b2b0-4784-9fe0-6c8b808b01c5] not found!
2025-08-21 14:48:51 [main] WARN  com.demcha.components.core.Entity - Component class com.demcha.components.geometry.Placement from Entity: "ChildBox" UUID: [6bd54cdf-c993-494d-be52-9d6b5b07dc5e] not found!
2025-08-21 14:48:51 [main] WARN  com.demcha.components.core.Entity - Component class com.demcha.components.content.rectangle.Rectangle from Entity: "ChildBox" UUID: [6bd54cdf-c993-494d-be52-9d6b5b07dc5e] not found!
2025-08-21 14:48:51 [main] WARN  com.demcha.components.core.Entity - Component class com.demcha.components.geometry.Placement from Entity: "ChildBox" UUID: [6bd54cdf-c993-494d-be52-9d6b5b07dc5e] not found!
2025-08-21 14:48:51 [main] WARN  com.demcha.components.core.Entity - Component class com.demcha.components.content.rectangle.Rectangle from Entity: "ChildBox" UUID: [6bd54cdf-c993-494d-be52-9d6b5b07dc5e] not found!
2025-08-21 14:49:40 [main] WARN  com.demcha.components.core.Entity - Component class com.demcha.components.geometry.OuterBoxSize from Entity: "ChildBox" UUID: [71f66ecf-f508-4419-86b3-5ac165b67a98] not found!
2025-08-21 14:49:40 [main] WARN  com.demcha.components.core.Entity - Component class com.demcha.components.geometry.OuterBoxSize from Entity: "BoxContainer" UUID: [2b76b6c4-61f0-4589-b269-d5866f85e6cf] not found!
2025-08-21 14:49:40 [main] WARN  com.demcha.components.core.Entity - Component class com.demcha.components.layout.coordinator.Position from Entity: "BoxContainer" UUID: [2b76b6c4-61f0-4589-b269-d5866f85e6cf] not found!
2025-08-21 14:49:40 [main] WARN  com.demcha.components.core.Entity - Component class com.demcha.components.layout.coordinator.Position from Entity: "BoxContainer" UUID: [2b76b6c4-61f0-4589-b269-d5866f85e6cf] not found!
2025-08-21 14:49:40 [main] WARN  com.demcha.components.core.Entity - Component class com.demcha.components.geometry.Placement from Entity: "BoxContainer" UUID: [2b76b6c4-61f0-4589-b269-d5866f85e6cf] not found!
2025-08-21 14:49:40 [main] WARN  com.demcha.components.core.Entity - Component class com.demcha.components.content.rectangle.Rectangle from Entity: "BoxContainer" UUID: [2b76b6c4-61f0-4589-b269-d5866f85e6cf] not found!
2025-08-21 14:49:40 [main] WARN  com.demcha.components.core.Entity - Component class com.demcha.components.geometry.Placement from Entity: "BoxContainer" UUID: [2b76b6c4-61f0-4589-b269-d5866f85e6cf] not found!
2025-08-21 14:49:40 [main] WARN  com.demcha.components.core.Entity - Component class com.demcha.components.content.rectangle.Rectangle from Entity: "BoxContainer" UUID: [2b76b6c4-61f0-4589-b269-d5866f85e6cf] not found!
2025-08-21 14:49:40 [main] WARN  com.demcha.components.core.Entity - Component class com.demcha.components.geometry.Placement from Entity: "ChildBox" UUID: [71f66ecf-f508-4419-86b3-5ac165b67a98] not found!
2025-08-21 14:49:40 [main] WARN  com.demcha.components.core.Entity - Component class com.demcha.components.content.rectangle.Rectangle from Entity: "ChildBox" UUID: [71f66ecf-f508-4419-86b3-5ac165b67a98] not found!
2025-08-21 14:49:40 [main] WARN  com.demcha.components.core.Entity - Component class com.demcha.components.geometry.Placement from Entity: "ChildBox" UUID: [71f66ecf-f508-4419-86b3-5ac165b67a98] not found!
2025-08-21 14:49:40 [main] WARN  com.demcha.components.core.Entity - Component class com.demcha.components.content.rectangle.Rectangle from Entity: "ChildBox" UUID: [71f66ecf-f508-4419-86b3-5ac165b67a98] not found!
2025-08-21 14:51:08 [main] WARN  com.demcha.components.core.Entity - Component class com.demcha.components.geometry.OuterBoxSize from Entity: "ChildBox" UUID: [2cd55eb2-441e-4336-b1ca-b432f61609bb] not found!
2025-08-21 14:51:08 [main] WARN  com.demcha.components.core.Entity - Component class com.demcha.components.geometry.OuterBoxSize from Entity: "BoxContainer" UUID: [f2705cc8-7fa4-4a15-8b4d-93542ec24fdf] not found!
2025-08-21 14:51:08 [main] WARN  com.demcha.components.core.Entity - Component class com.demcha.components.layout.coordinator.Position from Entity: "BoxContainer" UUID: [f2705cc8-7fa4-4a15-8b4d-93542ec24fdf] not found!
2025-08-21 14:51:08 [main] WARN  com.demcha.components.core.Entity - Component class com.demcha.components.layout.coordinator.Position from Entity: "BoxContainer" UUID: [f2705cc8-7fa4-4a15-8b4d-93542ec24fdf] not found!
2025-08-21 14:51:08 [main] WARN  com.demcha.components.core.Entity - Component class com.demcha.components.geometry.Placement from Entity: "BoxContainer" UUID: [f2705cc8-7fa4-4a15-8b4d-93542ec24fdf] not found!
2025-08-21 14:51:08 [main] WARN  com.demcha.components.core.Entity - Component class com.demcha.components.content.rectangle.Rectangle from Entity: "BoxContainer" UUID: [f2705cc8-7fa4-4a15-8b4d-93542ec24fdf] not found!
2025-08-21 14:51:08 [main] WARN  com.demcha.components.core.Entity - Component class com.demcha.components.geometry.Placement from Entity: "BoxContainer" UUID: [f2705cc8-7fa4-4a15-8b4d-93542ec24fdf] not found!
2025-08-21 14:51:08 [main] WARN  com.demcha.components.core.Entity - Component class com.demcha.components.content.rectangle.Rectangle from Entity: "BoxContainer" UUID: [f2705cc8-7fa4-4a15-8b4d-93542ec24fdf] not found!
2025-08-21 14:51:08 [main] WARN  com.demcha.components.core.Entity - Component class com.demcha.components.geometry.Placement from Entity: "ChildBox" UUID: [2cd55eb2-441e-4336-b1ca-b432f61609bb] not found!
2025-08-21 14:51:08 [main] WARN  com.demcha.components.core.Entity - Component class com.demcha.components.content.rectangle.Rectangle from Entity: "ChildBox" UUID: [2cd55eb2-441e-4336-b1ca-b432f61609bb] not found!
2025-08-21 14:51:08 [main] WARN  com.demcha.components.core.Entity - Component class com.demcha.components.geometry.Placement from Entity: "ChildBox" UUID: [2cd55eb2-441e-4336-b1ca-b432f61609bb] not found!
2025-08-21 14:51:08 [main] WARN  com.demcha.components.core.Entity - Component class com.demcha.components.content.rectangle.Rectangle from Entity: "ChildBox" UUID: [2cd55eb2-441e-4336-b1ca-b432f61609bb] not found!
2025-08-21 14:52:13 [main] WARN  com.demcha.components.core.Entity - Component class com.demcha.components.geometry.OuterBoxSize from Entity: "ChildBox" UUID: [305dedec-b167-48e5-aa9c-72272f485586] not found!
2025-08-21 14:52:13 [main] WARN  com.demcha.components.core.Entity - Component class com.demcha.components.geometry.OuterBoxSize from Entity: "BoxContainer" UUID: [853375dc-bad0-4ba4-9c09-49e1b72cfeb6] not found!
2025-08-21 14:52:13 [main] WARN  com.demcha.components.core.Entity - Component class com.demcha.components.layout.coordinator.Position from Entity: "BoxContainer" UUID: [853375dc-bad0-4ba4-9c09-49e1b72cfeb6] not found!
2025-08-21 14:52:13 [main] WARN  com.demcha.components.core.Entity - Component class com.demcha.components.layout.coordinator.Position from Entity: "BoxContainer" UUID: [853375dc-bad0-4ba4-9c09-49e1b72cfeb6] not found!
2025-08-21 14:52:13 [main] WARN  com.demcha.components.core.Entity - Component class com.demcha.components.geometry.Placement from Entity: "BoxContainer" UUID: [853375dc-bad0-4ba4-9c09-49e1b72cfeb6] not found!
2025-08-21 14:52:13 [main] WARN  com.demcha.components.core.Entity - Component class com.demcha.components.content.rectangle.Rectangle from Entity: "BoxContainer" UUID: [853375dc-bad0-4ba4-9c09-49e1b72cfeb6] not found!
2025-08-21 14:52:13 [main] WARN  com.demcha.components.core.Entity - Component class com.demcha.components.geometry.Placement from Entity: "BoxContainer" UUID: [853375dc-bad0-4ba4-9c09-49e1b72cfeb6] not found!
2025-08-21 14:52:13 [main] WARN  com.demcha.components.core.Entity - Component class com.demcha.components.content.rectangle.Rectangle from Entity: "BoxContainer" UUID: [853375dc-bad0-4ba4-9c09-49e1b72cfeb6] not found!
2025-08-21 14:52:13 [main] WARN  com.demcha.components.core.Entity - Component class com.demcha.components.geometry.Placement from Entity: "ChildBox" UUID: [305dedec-b167-48e5-aa9c-72272f485586] not found!
2025-08-21 14:52:13 [main] WARN  com.demcha.components.core.Entity - Component class com.demcha.components.content.rectangle.Rectangle from Entity: "ChildBox" UUID: [305dedec-b167-48e5-aa9c-72272f485586] not found!
2025-08-21 14:52:13 [main] WARN  com.demcha.components.core.Entity - Component class com.demcha.components.geometry.Placement from Entity: "ChildBox" UUID: [305dedec-b167-48e5-aa9c-72272f485586] not found!
2025-08-21 14:52:13 [main] WARN  com.demcha.components.core.Entity - Component class com.demcha.components.content.rectangle.Rectangle from Entity: "ChildBox" UUID: [305dedec-b167-48e5-aa9c-72272f485586] not found!
2025-08-21 14:55:39 [main] WARN  com.demcha.components.core.Entity - Component class com.demcha.components.geometry.OuterBoxSize from Entity: "BoxContainer" UUID: [b3aeb5f6-4e66-46b5-9cd7-b10ed806c6f1] not found!
2025-08-21 14:55:39 [main] WARN  com.demcha.components.core.Entity - Component class com.demcha.components.geometry.OuterBoxSize from Entity: "ChildBox" UUID: [8977ad81-1a2f-4e44-8698-527b8cc10d56] not found!
2025-08-21 14:55:39 [main] WARN  com.demcha.components.core.Entity - Component class com.demcha.components.layout.coordinator.Position from Entity: "BoxContainer" UUID: [b3aeb5f6-4e66-46b5-9cd7-b10ed806c6f1] not found!
2025-08-21 14:55:39 [main] WARN  com.demcha.components.core.Entity - Component class com.demcha.components.layout.coordinator.Position from Entity: "BoxContainer" UUID: [b3aeb5f6-4e66-46b5-9cd7-b10ed806c6f1] not found!
2025-08-21 14:55:39 [main] WARN  com.demcha.components.core.Entity - Component class com.demcha.components.geometry.Placement from Entity: "BoxContainer" UUID: [b3aeb5f6-4e66-46b5-9cd7-b10ed806c6f1] not found!
2025-08-21 14:55:39 [main] WARN  com.demcha.components.core.Entity - Component class com.demcha.components.content.rectangle.Rectangle from Entity: "BoxContainer" UUID: [b3aeb5f6-4e66-46b5-9cd7-b10ed806c6f1] not found!
2025-08-21 14:55:39 [main] WARN  com.demcha.components.core.Entity - Component class com.demcha.components.geometry.Placement from Entity: "BoxContainer" UUID: [b3aeb5f6-4e66-46b5-9cd7-b10ed806c6f1] not found!
2025-08-21 14:55:39 [main] WARN  com.demcha.components.core.Entity - Component class com.demcha.components.content.rectangle.Rectangle from Entity: "BoxContainer" UUID: [b3aeb5f6-4e66-46b5-9cd7-b10ed806c6f1] not found!
2025-08-21 14:55:39 [main] WARN  com.demcha.components.core.Entity - Component class com.demcha.components.geometry.Placement from Entity: "ChildBox" UUID: [8977ad81-1a2f-4e44-8698-527b8cc10d56] not found!
2025-08-21 14:55:39 [main] WARN  com.demcha.components.core.Entity - Component class com.demcha.components.content.rectangle.Rectangle from Entity: "ChildBox" UUID: [8977ad81-1a2f-4e44-8698-527b8cc10d56] not found!
2025-08-21 14:55:39 [main] WARN  com.demcha.components.core.Entity - Component class com.demcha.components.geometry.Placement from Entity: "ChildBox" UUID: [8977ad81-1a2f-4e44-8698-527b8cc10d56] not found!
2025-08-21 14:55:39 [main] WARN  com.demcha.components.core.Entity - Component class com.demcha.components.content.rectangle.Rectangle from Entity: "ChildBox" UUID: [8977ad81-1a2f-4e44-8698-527b8cc10d56] not found!
